{"uid":"a48b7d2b53c0d6bf","name":"Verify that user can add and remove product from cart","fullName":"tests.CartTest.addAndRemoveProductFromCartTest","historyId":"f02e3ccb236e9fb00c3c51872741521f","time":{"start":1764851487630,"stop":1764851491401,"duration":3771},"status":"skipped","statusMessage":"An element could not be located on the page using the given search parameters.\nFor documentation on this error, please visit: https://www.selenium.dev/documentation/webdriver/troubleshooting/errors#no-such-element-exception\nBuild info: version: '4.25.0', revision: '8a8aea2337'\nSystem info: os.name: 'Linux', os.arch: 'amd64', os.version: '6.11.0-1018-azure', java.version: '11.0.29'\nDriver info: io.appium.java_client.android.AndroidDriver\nCommand: [170d0d2b9c25e11b5e1c6497425ecd1260f6586f, findElement {using=accessibility id, value=product label}]\nCapabilities {appium:appActivity: .MainActivity, appium:appPackage: com.saucelabs.mydemoapp.rn, appium:autoGrantPermissions: true, appium:automationName: uiautomator2, appium:bundleID: com.saucelabs.mydemoapp.rn, appium:bundleId: com.saucelabs.mydemoapp.rn, appium:chromedriverArgs: [--adb-port=5038], appium:chromedriverExecutable: /usr/local/.browserstack/de..., appium:chromedriverPort: 18080, appium:chromedriverPorts: [[18100, 18110]], appium:databaseEnabled: false, appium:desired: {appActivity: .MainActivity, appPackage: com.saucelabs.mydemoapp.rn, autoGrantPermissions: true, automationName: uiautomator2, bundleID: com.saucelabs.mydemoapp.rn, bundleId: com.saucelabs.mydemoapp.rn, chromedriverArgs: [--adb-port=5038], chromedriverExecutable: /usr/local/.browserstack/de..., chromedriverPort: 18080, chromedriverPorts: [[18100, 18110]], deviceName: google pixel 6 pro, disableSuppressAccessibilityService: true, goog:chromeOptions: {}, nativeWebScreenshot: true, newCommandTimeout: 0, noReset: false, platformName: Android, platformVersion: 13.0, skipServerInstallation: true, suppressKillServer: true, systemPort: 8200, udid: 1B241FDEE000G4}, appium:deviceApiLevel: 33, appium:deviceManufacturer: Google, appium:deviceModel: Pixel 6 Pro, appium:deviceName: 1B241FDEE000G4, appium:deviceScreenDensity: 560, appium:deviceScreenSize: 1440x3120, appium:deviceUDID: 1B241FDEE000G4, appium:disableSuppressAccessibilityService: true, appium:javascriptEnabled: true, appium:locationContextEnabled: false, appium:nativeWebScreenshot: true, appium:networkConnectionEnabled: true, appium:newCommandTimeout: 0, appium:noReset: false, appium:pixelRatio: 3.5, appium:platformVersion: 13, appium:skipServerInstallation: true, appium:statBarHeight: 130, appium:suppressKillServer: true, appium:systemPort: 8200, appium:takesScreenshot: true, appium:udid: 1B241FDEE000G4, appium:viewportRect: {height: 2990, left: 0, top: 130, width: 1440}, appium:warnings: {}, appium:webStorageEnabled: false, goog:chromeOptions: {}, platformName: ANDROID}\nSession ID: 170d0d2b9c25e11b5e1c6497425ecd1260f6586f","statusTrace":"org.openqa.selenium.NoSuchElementException: An element could not be located on the page using the given search parameters.\nFor documentation on this error, please visit: https://www.selenium.dev/documentation/webdriver/troubleshooting/errors#no-such-element-exception\nBuild info: version: '4.25.0', revision: '8a8aea2337'\nSystem info: os.name: 'Linux', os.arch: 'amd64', os.version: '6.11.0-1018-azure', java.version: '11.0.29'\nDriver info: io.appium.java_client.android.AndroidDriver\nCommand: [170d0d2b9c25e11b5e1c6497425ecd1260f6586f, findElement {using=accessibility id, value=product label}]\nCapabilities {appium:appActivity: .MainActivity, appium:appPackage: com.saucelabs.mydemoapp.rn, appium:autoGrantPermissions: true, appium:automationName: uiautomator2, appium:bundleID: com.saucelabs.mydemoapp.rn, appium:bundleId: com.saucelabs.mydemoapp.rn, appium:chromedriverArgs: [--adb-port=5038], appium:chromedriverExecutable: /usr/local/.browserstack/de..., appium:chromedriverPort: 18080, appium:chromedriverPorts: [[18100, 18110]], appium:databaseEnabled: false, appium:desired: {appActivity: .MainActivity, appPackage: com.saucelabs.mydemoapp.rn, autoGrantPermissions: true, automationName: uiautomator2, bundleID: com.saucelabs.mydemoapp.rn, bundleId: com.saucelabs.mydemoapp.rn, chromedriverArgs: [--adb-port=5038], chromedriverExecutable: /usr/local/.browserstack/de..., chromedriverPort: 18080, chromedriverPorts: [[18100, 18110]], deviceName: google pixel 6 pro, disableSuppressAccessibilityService: true, goog:chromeOptions: {}, nativeWebScreenshot: true, newCommandTimeout: 0, noReset: false, platformName: Android, platformVersion: 13.0, skipServerInstallation: true, suppressKillServer: true, systemPort: 8200, udid: 1B241FDEE000G4}, appium:deviceApiLevel: 33, appium:deviceManufacturer: Google, appium:deviceModel: Pixel 6 Pro, appium:deviceName: 1B241FDEE000G4, appium:deviceScreenDensity: 560, appium:deviceScreenSize: 1440x3120, appium:deviceUDID: 1B241FDEE000G4, appium:disableSuppressAccessibilityService: true, appium:javascriptEnabled: true, appium:locationContextEnabled: false, appium:nativeWebScreenshot: true, appium:networkConnectionEnabled: true, appium:newCommandTimeout: 0, appium:noReset: false, appium:pixelRatio: 3.5, appium:platformVersion: 13, appium:skipServerInstallation: true, appium:statBarHeight: 130, appium:suppressKillServer: true, appium:systemPort: 8200, appium:takesScreenshot: true, appium:udid: 1B241FDEE000G4, appium:viewportRect: {height: 2990, left: 0, top: 130, width: 1440}, appium:warnings: {}, appium:webStorageEnabled: false, goog:chromeOptions: {}, platformName: ANDROID}\nSession ID: 170d0d2b9c25e11b5e1c6497425ecd1260f6586f\n\tat java.base/jdk.internal.reflect.NativeConstructorAccessorImpl.newInstance0(Native Method)\n\tat java.base/jdk.internal.reflect.NativeConstructorAccessorImpl.newInstance(NativeConstructorAccessorImpl.java:62)\n\tat java.base/jdk.internal.reflect.DelegatingConstructorAccessorImpl.newInstance(DelegatingConstructorAccessorImpl.java:45)\n\tat java.base/java.lang.reflect.Constructor.newInstance(Constructor.java:490)\n\tat org.openqa.selenium.remote.ErrorCodec.decode(ErrorCodec.java:167)\n\tat org.openqa.selenium.remote.codec.w3c.W3CHttpResponseCodec.decode(W3CHttpResponseCodec.java:138)\n\tat org.openqa.selenium.remote.codec.w3c.W3CHttpResponseCodec.decode(W3CHttpResponseCodec.java:50)\n\tat org.openqa.selenium.remote.HttpCommandExecutor.execute(HttpCommandExecutor.java:190)\n\tat io.appium.java_client.remote.AppiumCommandExecutor.execute(AppiumCommandExecutor.java:237)\n\tat org.openqa.selenium.remote.RemoteWebDriver.execute(RemoteWebDriver.java:545)\n\tat org.openqa.selenium.remote.ElementLocation$ElementFinder$2.findElement(ElementLocation.java:165)\n\tat org.openqa.selenium.remote.ElementLocation.findElement(ElementLocation.java:59)\n\tat org.openqa.selenium.remote.RemoteWebDriver.findElement(RemoteWebDriver.java:368)\n\tat org.openqa.selenium.remote.RemoteWebDriver.findElement(RemoteWebDriver.java:362)\n\tat screens.BaseScreen.findElement(BaseScreen.java:26)\n\tat screens.BaseScreen.lambda$getText$3(BaseScreen.java:45)\n\tat utils.listeners.AllureListener.lambda$logStep$0(AllureListener.java:34)\n\tat io.qameta.allure.Allure.lambda$step$1(Allure.java:127)\n\tat io.qameta.allure.Allure.step(Allure.java:181)\n\tat io.qameta.allure.Allure.step(Allure.java:125)\n\tat utils.listeners.AllureListener.logStep(AllureListener.java:34)\n\tat utils.listeners.AllureListener.logGetText(AllureListener.java:30)\n\tat screens.BaseScreen.getText(BaseScreen.java:42)\n\tat screens.CartScreen.getProductNameInCart(CartScreen.java:28)\n\tat tests.CartTest.addAndRemoveProductFromCartTest(CartTest.java:20)\n\tat java.base/jdk.internal.reflect.NativeMethodAccessorImpl.invoke0(Native Method)\n\tat java.base/jdk.internal.reflect.NativeMethodAccessorImpl.invoke(NativeMethodAccessorImpl.java:62)\n\tat java.base/jdk.internal.reflect.DelegatingMethodAccessorImpl.invoke(DelegatingMethodAccessorImpl.java:43)\n\tat java.base/java.lang.reflect.Method.invoke(Method.java:566)\n\tat org.testng.internal.invokers.MethodInvocationHelper.invokeMethod(MethodInvocationHelper.java:141)\n\tat org.testng.internal.invokers.TestInvoker.invokeMethod(TestInvoker.java:686)\n\tat org.testng.internal.invokers.TestInvoker.retryFailed(TestInvoker.java:269)\n\tat org.testng.internal.invokers.MethodRunner.runInSequence(MethodRunner.java:76)\n\tat org.testng.internal.invokers.TestInvoker$MethodInvocationAgent.invoke(TestInvoker.java:992)\n\tat org.testng.internal.invokers.TestInvoker.invokeTestMethods(TestInvoker.java:203)\n\tat org.testng.internal.invokers.TestMethodWorker.invokeTestMethods(TestMethodWorker.java:154)\n\tat org.testng.internal.invokers.TestMethodWorker.run(TestMethodWorker.java:134)\n\tat java.base/java.util.concurrent.Executors$RunnableAdapter.call(Executors.java:515)\n\tat java.base/java.util.concurrent.FutureTask.run(FutureTask.java:264)\n\tat org.testng.internal.thread.graph.TestNGFutureTask.run(TestNGFutureTask.java:22)\n\tat java.base/java.util.concurrent.ThreadPoolExecutor.runWorker(ThreadPoolExecutor.java:1128)\n\tat java.base/java.util.concurrent.ThreadPoolExecutor$Worker.run(ThreadPoolExecutor.java:628)\n\tat java.base/java.lang.Thread.run(Thread.java:829)\n","flaky":false,"newFailed":false,"newBroken":false,"newPassed":false,"retriesCount":0,"retriesStatusChange":false,"beforeStages":[{"name":"setUpRetry","time":{"start":1764851423724,"stop":1764851423724,"duration":0},"description":"","status":"passed","steps":[],"attachments":[],"parameters":[],"stepsCount":0,"shouldDisplayMessage":false,"attachmentsCount":0,"hasContent":false,"attachmentStep":false},{"name":"launchApp","time":{"start":1764851467402,"stop":1764851487628,"duration":20226},"description":"","status":"passed","steps":[],"attachments":[],"parameters":[],"stepsCount":0,"shouldDisplayMessage":false,"attachmentsCount":0,"hasContent":false,"attachmentStep":false}],"testStage":{"status":"skipped","statusMessage":"An element could not be located on the page using the given search parameters.\nFor documentation on this error, please visit: https://www.selenium.dev/documentation/webdriver/troubleshooting/errors#no-such-element-exception\nBuild info: version: '4.25.0', revision: '8a8aea2337'\nSystem info: os.name: 'Linux', os.arch: 'amd64', os.version: '6.11.0-1018-azure', java.version: '11.0.29'\nDriver info: io.appium.java_client.android.AndroidDriver\nCommand: [170d0d2b9c25e11b5e1c6497425ecd1260f6586f, findElement {using=accessibility id, value=product label}]\nCapabilities {appium:appActivity: .MainActivity, appium:appPackage: com.saucelabs.mydemoapp.rn, appium:autoGrantPermissions: true, appium:automationName: uiautomator2, appium:bundleID: com.saucelabs.mydemoapp.rn, appium:bundleId: com.saucelabs.mydemoapp.rn, appium:chromedriverArgs: [--adb-port=5038], appium:chromedriverExecutable: /usr/local/.browserstack/de..., appium:chromedriverPort: 18080, appium:chromedriverPorts: [[18100, 18110]], appium:databaseEnabled: false, appium:desired: {appActivity: .MainActivity, appPackage: com.saucelabs.mydemoapp.rn, autoGrantPermissions: true, automationName: uiautomator2, bundleID: com.saucelabs.mydemoapp.rn, bundleId: com.saucelabs.mydemoapp.rn, chromedriverArgs: [--adb-port=5038], chromedriverExecutable: /usr/local/.browserstack/de..., chromedriverPort: 18080, chromedriverPorts: [[18100, 18110]], deviceName: google pixel 6 pro, disableSuppressAccessibilityService: true, goog:chromeOptions: {}, nativeWebScreenshot: true, newCommandTimeout: 0, noReset: false, platformName: Android, platformVersion: 13.0, skipServerInstallation: true, suppressKillServer: true, systemPort: 8200, udid: 1B241FDEE000G4}, appium:deviceApiLevel: 33, appium:deviceManufacturer: Google, appium:deviceModel: Pixel 6 Pro, appium:deviceName: 1B241FDEE000G4, appium:deviceScreenDensity: 560, appium:deviceScreenSize: 1440x3120, appium:deviceUDID: 1B241FDEE000G4, appium:disableSuppressAccessibilityService: true, appium:javascriptEnabled: true, appium:locationContextEnabled: false, appium:nativeWebScreenshot: true, appium:networkConnectionEnabled: true, appium:newCommandTimeout: 0, appium:noReset: false, appium:pixelRatio: 3.5, appium:platformVersion: 13, appium:skipServerInstallation: true, appium:statBarHeight: 130, appium:suppressKillServer: true, appium:systemPort: 8200, appium:takesScreenshot: true, appium:udid: 1B241FDEE000G4, appium:viewportRect: {height: 2990, left: 0, top: 130, width: 1440}, appium:warnings: {}, appium:webStorageEnabled: false, goog:chromeOptions: {}, platformName: ANDROID}\nSession ID: 170d0d2b9c25e11b5e1c6497425ecd1260f6586f","statusTrace":"org.openqa.selenium.NoSuchElementException: An element could not be located on the page using the given search parameters.\nFor documentation on this error, please visit: https://www.selenium.dev/documentation/webdriver/troubleshooting/errors#no-such-element-exception\nBuild info: version: '4.25.0', revision: '8a8aea2337'\nSystem info: os.name: 'Linux', os.arch: 'amd64', os.version: '6.11.0-1018-azure', java.version: '11.0.29'\nDriver info: io.appium.java_client.android.AndroidDriver\nCommand: [170d0d2b9c25e11b5e1c6497425ecd1260f6586f, findElement {using=accessibility id, value=product label}]\nCapabilities {appium:appActivity: .MainActivity, appium:appPackage: com.saucelabs.mydemoapp.rn, appium:autoGrantPermissions: true, appium:automationName: uiautomator2, appium:bundleID: com.saucelabs.mydemoapp.rn, appium:bundleId: com.saucelabs.mydemoapp.rn, appium:chromedriverArgs: [--adb-port=5038], appium:chromedriverExecutable: /usr/local/.browserstack/de..., appium:chromedriverPort: 18080, appium:chromedriverPorts: [[18100, 18110]], appium:databaseEnabled: false, appium:desired: {appActivity: .MainActivity, appPackage: com.saucelabs.mydemoapp.rn, autoGrantPermissions: true, automationName: uiautomator2, bundleID: com.saucelabs.mydemoapp.rn, bundleId: com.saucelabs.mydemoapp.rn, chromedriverArgs: [--adb-port=5038], chromedriverExecutable: /usr/local/.browserstack/de..., chromedriverPort: 18080, chromedriverPorts: [[18100, 18110]], deviceName: google pixel 6 pro, disableSuppressAccessibilityService: true, goog:chromeOptions: {}, nativeWebScreenshot: true, newCommandTimeout: 0, noReset: false, platformName: Android, platformVersion: 13.0, skipServerInstallation: true, suppressKillServer: true, systemPort: 8200, udid: 1B241FDEE000G4}, appium:deviceApiLevel: 33, appium:deviceManufacturer: Google, appium:deviceModel: Pixel 6 Pro, appium:deviceName: 1B241FDEE000G4, appium:deviceScreenDensity: 560, appium:deviceScreenSize: 1440x3120, appium:deviceUDID: 1B241FDEE000G4, appium:disableSuppressAccessibilityService: true, appium:javascriptEnabled: true, appium:locationContextEnabled: false, appium:nativeWebScreenshot: true, appium:networkConnectionEnabled: true, appium:newCommandTimeout: 0, appium:noReset: false, appium:pixelRatio: 3.5, appium:platformVersion: 13, appium:skipServerInstallation: true, appium:statBarHeight: 130, appium:suppressKillServer: true, appium:systemPort: 8200, appium:takesScreenshot: true, appium:udid: 1B241FDEE000G4, appium:viewportRect: {height: 2990, left: 0, top: 130, width: 1440}, appium:warnings: {}, appium:webStorageEnabled: false, goog:chromeOptions: {}, platformName: ANDROID}\nSession ID: 170d0d2b9c25e11b5e1c6497425ecd1260f6586f\n\tat java.base/jdk.internal.reflect.NativeConstructorAccessorImpl.newInstance0(Native Method)\n\tat java.base/jdk.internal.reflect.NativeConstructorAccessorImpl.newInstance(NativeConstructorAccessorImpl.java:62)\n\tat java.base/jdk.internal.reflect.DelegatingConstructorAccessorImpl.newInstance(DelegatingConstructorAccessorImpl.java:45)\n\tat java.base/java.lang.reflect.Constructor.newInstance(Constructor.java:490)\n\tat org.openqa.selenium.remote.ErrorCodec.decode(ErrorCodec.java:167)\n\tat org.openqa.selenium.remote.codec.w3c.W3CHttpResponseCodec.decode(W3CHttpResponseCodec.java:138)\n\tat org.openqa.selenium.remote.codec.w3c.W3CHttpResponseCodec.decode(W3CHttpResponseCodec.java:50)\n\tat org.openqa.selenium.remote.HttpCommandExecutor.execute(HttpCommandExecutor.java:190)\n\tat io.appium.java_client.remote.AppiumCommandExecutor.execute(AppiumCommandExecutor.java:237)\n\tat org.openqa.selenium.remote.RemoteWebDriver.execute(RemoteWebDriver.java:545)\n\tat org.openqa.selenium.remote.ElementLocation$ElementFinder$2.findElement(ElementLocation.java:165)\n\tat org.openqa.selenium.remote.ElementLocation.findElement(ElementLocation.java:59)\n\tat org.openqa.selenium.remote.RemoteWebDriver.findElement(RemoteWebDriver.java:368)\n\tat org.openqa.selenium.remote.RemoteWebDriver.findElement(RemoteWebDriver.java:362)\n\tat screens.BaseScreen.findElement(BaseScreen.java:26)\n\tat screens.BaseScreen.lambda$getText$3(BaseScreen.java:45)\n\tat utils.listeners.AllureListener.lambda$logStep$0(AllureListener.java:34)\n\tat io.qameta.allure.Allure.lambda$step$1(Allure.java:127)\n\tat io.qameta.allure.Allure.step(Allure.java:181)\n\tat io.qameta.allure.Allure.step(Allure.java:125)\n\tat utils.listeners.AllureListener.logStep(AllureListener.java:34)\n\tat utils.listeners.AllureListener.logGetText(AllureListener.java:30)\n\tat screens.BaseScreen.getText(BaseScreen.java:42)\n\tat screens.CartScreen.getProductNameInCart(CartScreen.java:28)\n\tat tests.CartTest.addAndRemoveProductFromCartTest(CartTest.java:20)\n\tat java.base/jdk.internal.reflect.NativeMethodAccessorImpl.invoke0(Native Method)\n\tat java.base/jdk.internal.reflect.NativeMethodAccessorImpl.invoke(NativeMethodAccessorImpl.java:62)\n\tat java.base/jdk.internal.reflect.DelegatingMethodAccessorImpl.invoke(DelegatingMethodAccessorImpl.java:43)\n\tat java.base/java.lang.reflect.Method.invoke(Method.java:566)\n\tat org.testng.internal.invokers.MethodInvocationHelper.invokeMethod(MethodInvocationHelper.java:141)\n\tat org.testng.internal.invokers.TestInvoker.invokeMethod(TestInvoker.java:686)\n\tat org.testng.internal.invokers.TestInvoker.retryFailed(TestInvoker.java:269)\n\tat org.testng.internal.invokers.MethodRunner.runInSequence(MethodRunner.java:76)\n\tat org.testng.internal.invokers.TestInvoker$MethodInvocationAgent.invoke(TestInvoker.java:992)\n\tat org.testng.internal.invokers.TestInvoker.invokeTestMethods(TestInvoker.java:203)\n\tat org.testng.internal.invokers.TestMethodWorker.invokeTestMethods(TestMethodWorker.java:154)\n\tat org.testng.internal.invokers.TestMethodWorker.run(TestMethodWorker.java:134)\n\tat java.base/java.util.concurrent.Executors$RunnableAdapter.call(Executors.java:515)\n\tat java.base/java.util.concurrent.FutureTask.run(FutureTask.java:264)\n\tat org.testng.internal.thread.graph.TestNGFutureTask.run(TestNGFutureTask.java:22)\n\tat java.base/java.util.concurrent.ThreadPoolExecutor.runWorker(ThreadPoolExecutor.java:1128)\n\tat java.base/java.util.concurrent.ThreadPoolExecutor$Worker.run(ThreadPoolExecutor.java:628)\n\tat java.base/java.lang.Thread.run(Thread.java:829)\n","steps":[{"name":"Test started: Verify that user can add and remove product from cart","time":{"start":1764851487630,"stop":1764851487630,"duration":0},"status":"passed","steps":[],"attachments":[],"parameters":[],"stepsCount":0,"shouldDisplayMessage":false,"attachmentsCount":0,"hasContent":false,"attachmentStep":false},{"name":"Getting text from element: xpath = \"(//android.widget.TextView[@content-desc='store item text'])[1]\"","time":{"start":1764851487831,"stop":1764851488913,"duration":1082},"status":"passed","steps":[],"attachments":[],"parameters":[],"stepsCount":0,"shouldDisplayMessage":false,"attachmentsCount":0,"hasContent":false,"attachmentStep":false},{"name":"Tapping on element: xpath = \"(//android.view.ViewGroup[@content-desc='store item'])[1]\"","time":{"start":1764851488913,"stop":1764851489235,"duration":322},"status":"passed","steps":[{"name":"Waiting for element: xpath = \"(//android.view.ViewGroup[@content-desc='store item'])[1]\"","time":{"start":1764851488913,"stop":1764851489118,"duration":205},"status":"passed","steps":[],"attachments":[],"parameters":[],"stepsCount":0,"shouldDisplayMessage":false,"attachmentsCount":0,"hasContent":false,"attachmentStep":false}],"attachments":[],"parameters":[],"stepsCount":1,"shouldDisplayMessage":false,"attachmentsCount":0,"hasContent":true,"attachmentStep":false},{"name":"Tapping on element: AppiumBy.accessibilityId: Add To Cart button","time":{"start":1764851489235,"stop":1764851490270,"duration":1035},"status":"passed","steps":[{"name":"Waiting for element: AppiumBy.accessibilityId: Add To Cart button","time":{"start":1764851489235,"stop":1764851489506,"duration":271},"status":"passed","steps":[],"attachments":[],"parameters":[],"stepsCount":0,"shouldDisplayMessage":false,"attachmentsCount":0,"hasContent":false,"attachmentStep":false}],"attachments":[],"parameters":[],"stepsCount":1,"shouldDisplayMessage":false,"attachmentsCount":0,"hasContent":true,"attachmentStep":false},{"name":"Tapping on element: AppiumBy.accessibilityId: cart badge","time":{"start":1764851490270,"stop":1764851491044,"duration":774},"status":"passed","steps":[{"name":"Waiting for element: AppiumBy.accessibilityId: cart badge","time":{"start":1764851490271,"stop":1764851490316,"duration":45},"status":"passed","steps":[],"attachments":[],"parameters":[],"stepsCount":0,"shouldDisplayMessage":false,"attachmentsCount":0,"hasContent":false,"attachmentStep":false}],"attachments":[],"parameters":[],"stepsCount":1,"shouldDisplayMessage":false,"attachmentsCount":0,"hasContent":true,"attachmentStep":false},{"name":"Getting text from element: AppiumBy.accessibilityId: product label","time":{"start":1764851491044,"stop":1764851491180,"duration":136},"status":"broken","statusMessage":"An element could not be located on the page using the given search parameters.\nFor documentation on this error, please visit: https://www.selenium.dev/documentation/webdriver/troubleshooting/errors#no-such-element-exception\nBuild info: version: '4.25.0', revision: '8a8aea2337'\nSystem info: os.name: 'Linux', os.arch: 'amd64', os.version: '6.11.0-1018-azure', java.version: '11.0.29'\nDriver info: io.appium.java_client.android.AndroidDriver\nCommand: [170d0d2b9c25e11b5e1c6497425ecd1260f6586f, findElement {using=accessibility id, value=product label}]\nCapabilities {appium:appActivity: .MainActivity, appium:appPackage: com.saucelabs.mydemoapp.rn, appium:autoGrantPermissions: true, appium:automationName: uiautomator2, appium:bundleID: com.saucelabs.mydemoapp.rn, appium:bundleId: com.saucelabs.mydemoapp.rn, appium:chromedriverArgs: [--adb-port=5038], appium:chromedriverExecutable: /usr/local/.browserstack/de..., appium:chromedriverPort: 18080, appium:chromedriverPorts: [[18100, 18110]], appium:databaseEnabled: false, appium:desired: {appActivity: .MainActivity, appPackage: com.saucelabs.mydemoapp.rn, autoGrantPermissions: true, automationName: uiautomator2, bundleID: com.saucelabs.mydemoapp.rn, bundleId: com.saucelabs.mydemoapp.rn, chromedriverArgs: [--adb-port=5038], chromedriverExecutable: /usr/local/.browserstack/de..., chromedriverPort: 18080, chromedriverPorts: [[18100, 18110]], deviceName: google pixel 6 pro, disableSuppressAccessibilityService: true, goog:chromeOptions: {}, nativeWebScreenshot: true, newCommandTimeout: 0, noReset: false, platformName: Android, platformVersion: 13.0, skipServerInstallation: true, suppressKillServer: true, systemPort: 8200, udid: 1B241FDEE000G4}, appium:deviceApiLevel: 33, appium:deviceManufacturer: Google, appium:deviceModel: Pixel 6 Pro, appium:deviceName: 1B241FDEE000G4, appium:deviceScreenDensity: 560, appium:deviceScreenSize: 1440x3120, appium:deviceUDID: 1B241FDEE000G4, appium:disableSuppressAccessibilityService: true, appium:javascriptEnabled: true, appium:locationContextEnabled: false, appium:nativeWebScreenshot: true, appium:networkConnectionEnabled: true, appium:newCommandTimeout: 0, appium:noReset: false, appium:pixelRatio: 3.5, appium:platformVersion: 13, appium:skipServerInstallation: true, appium:statBarHeight: 130, appium:suppressKillServer: true, appium:systemPort: 8200, appium:takesScreenshot: true, appium:udid: 1B241FDEE000G4, appium:viewportRect: {height: 2990, left: 0, top: 130, width: 1440}, appium:warnings: {}, appium:webStorageEnabled: false, goog:chromeOptions: {}, platformName: ANDROID}\nSession ID: 170d0d2b9c25e11b5e1c6497425ecd1260f6586f","statusTrace":"org.openqa.selenium.NoSuchElementException: An element could not be located on the page using the given search parameters.\nFor documentation on this error, please visit: https://www.selenium.dev/documentation/webdriver/troubleshooting/errors#no-such-element-exception\nBuild info: version: '4.25.0', revision: '8a8aea2337'\nSystem info: os.name: 'Linux', os.arch: 'amd64', os.version: '6.11.0-1018-azure', java.version: '11.0.29'\nDriver info: io.appium.java_client.android.AndroidDriver\nCommand: [170d0d2b9c25e11b5e1c6497425ecd1260f6586f, findElement {using=accessibility id, value=product label}]\nCapabilities {appium:appActivity: .MainActivity, appium:appPackage: com.saucelabs.mydemoapp.rn, appium:autoGrantPermissions: true, appium:automationName: uiautomator2, appium:bundleID: com.saucelabs.mydemoapp.rn, appium:bundleId: com.saucelabs.mydemoapp.rn, appium:chromedriverArgs: [--adb-port=5038], appium:chromedriverExecutable: /usr/local/.browserstack/de..., appium:chromedriverPort: 18080, appium:chromedriverPorts: [[18100, 18110]], appium:databaseEnabled: false, appium:desired: {appActivity: .MainActivity, appPackage: com.saucelabs.mydemoapp.rn, autoGrantPermissions: true, automationName: uiautomator2, bundleID: com.saucelabs.mydemoapp.rn, bundleId: com.saucelabs.mydemoapp.rn, chromedriverArgs: [--adb-port=5038], chromedriverExecutable: /usr/local/.browserstack/de..., chromedriverPort: 18080, chromedriverPorts: [[18100, 18110]], deviceName: google pixel 6 pro, disableSuppressAccessibilityService: true, goog:chromeOptions: {}, nativeWebScreenshot: true, newCommandTimeout: 0, noReset: false, platformName: Android, platformVersion: 13.0, skipServerInstallation: true, suppressKillServer: true, systemPort: 8200, udid: 1B241FDEE000G4}, appium:deviceApiLevel: 33, appium:deviceManufacturer: Google, appium:deviceModel: Pixel 6 Pro, appium:deviceName: 1B241FDEE000G4, appium:deviceScreenDensity: 560, appium:deviceScreenSize: 1440x3120, appium:deviceUDID: 1B241FDEE000G4, appium:disableSuppressAccessibilityService: true, appium:javascriptEnabled: true, appium:locationContextEnabled: false, appium:nativeWebScreenshot: true, appium:networkConnectionEnabled: true, appium:newCommandTimeout: 0, appium:noReset: false, appium:pixelRatio: 3.5, appium:platformVersion: 13, appium:skipServerInstallation: true, appium:statBarHeight: 130, appium:suppressKillServer: true, appium:systemPort: 8200, appium:takesScreenshot: true, appium:udid: 1B241FDEE000G4, appium:viewportRect: {height: 2990, left: 0, top: 130, width: 1440}, appium:warnings: {}, appium:webStorageEnabled: false, goog:chromeOptions: {}, platformName: ANDROID}\nSession ID: 170d0d2b9c25e11b5e1c6497425ecd1260f6586f\n\tat java.base/jdk.internal.reflect.NativeConstructorAccessorImpl.newInstance0(Native Method)\n\tat java.base/jdk.internal.reflect.NativeConstructorAccessorImpl.newInstance(NativeConstructorAccessorImpl.java:62)\n\tat java.base/jdk.internal.reflect.DelegatingConstructorAccessorImpl.newInstance(DelegatingConstructorAccessorImpl.java:45)\n\tat java.base/java.lang.reflect.Constructor.newInstance(Constructor.java:490)\n\tat org.openqa.selenium.remote.ErrorCodec.decode(ErrorCodec.java:167)\n\tat org.openqa.selenium.remote.codec.w3c.W3CHttpResponseCodec.decode(W3CHttpResponseCodec.java:138)\n\tat org.openqa.selenium.remote.codec.w3c.W3CHttpResponseCodec.decode(W3CHttpResponseCodec.java:50)\n\tat org.openqa.selenium.remote.HttpCommandExecutor.execute(HttpCommandExecutor.java:190)\n\tat io.appium.java_client.remote.AppiumCommandExecutor.execute(AppiumCommandExecutor.java:237)\n\tat org.openqa.selenium.remote.RemoteWebDriver.execute(RemoteWebDriver.java:545)\n\tat org.openqa.selenium.remote.ElementLocation$ElementFinder$2.findElement(ElementLocation.java:165)\n\tat org.openqa.selenium.remote.ElementLocation.findElement(ElementLocation.java:59)\n\tat org.openqa.selenium.remote.RemoteWebDriver.findElement(RemoteWebDriver.java:368)\n\tat org.openqa.selenium.remote.RemoteWebDriver.findElement(RemoteWebDriver.java:362)\n\tat screens.BaseScreen.findElement(BaseScreen.java:26)\n\tat screens.BaseScreen.lambda$getText$3(BaseScreen.java:45)\n\tat utils.listeners.AllureListener.lambda$logStep$0(AllureListener.java:34)\n\tat io.qameta.allure.Allure.lambda$step$1(Allure.java:127)\n\tat io.qameta.allure.Allure.step(Allure.java:181)\n\tat io.qameta.allure.Allure.step(Allure.java:125)\n\tat utils.listeners.AllureListener.logStep(AllureListener.java:34)\n\tat utils.listeners.AllureListener.logGetText(AllureListener.java:30)\n\tat screens.BaseScreen.getText(BaseScreen.java:42)\n\tat screens.CartScreen.getProductNameInCart(CartScreen.java:28)\n\tat tests.CartTest.addAndRemoveProductFromCartTest(CartTest.java:20)\n\tat java.base/jdk.internal.reflect.NativeMethodAccessorImpl.invoke0(Native Method)\n\tat java.base/jdk.internal.reflect.NativeMethodAccessorImpl.invoke(NativeMethodAccessorImpl.java:62)\n\tat java.base/jdk.internal.reflect.DelegatingMethodAccessorImpl.invoke(DelegatingMethodAccessorImpl.java:43)\n\tat java.base/java.lang.reflect.Method.invoke(Method.java:566)\n\tat org.testng.internal.invokers.MethodInvocationHelper.invokeMethod(MethodInvocationHelper.java:141)\n\tat org.testng.internal.invokers.TestInvoker.invokeMethod(TestInvoker.java:686)\n\tat org.testng.internal.invokers.TestInvoker.retryFailed(TestInvoker.java:269)\n\tat org.testng.internal.invokers.MethodRunner.runInSequence(MethodRunner.java:76)\n\tat org.testng.internal.invokers.TestInvoker$MethodInvocationAgent.invoke(TestInvoker.java:992)\n\tat org.testng.internal.invokers.TestInvoker.invokeTestMethods(TestInvoker.java:203)\n\tat org.testng.internal.invokers.TestMethodWorker.invokeTestMethods(TestMethodWorker.java:154)\n\tat org.testng.internal.invokers.TestMethodWorker.run(TestMethodWorker.java:134)\n\tat java.base/java.util.concurrent.Executors$RunnableAdapter.call(Executors.java:515)\n\tat java.base/java.util.concurrent.FutureTask.run(FutureTask.java:264)\n\tat org.testng.internal.thread.graph.TestNGFutureTask.run(TestNGFutureTask.java:22)\n\tat java.base/java.util.concurrent.ThreadPoolExecutor.runWorker(ThreadPoolExecutor.java:1128)\n\tat java.base/java.util.concurrent.ThreadPoolExecutor$Worker.run(ThreadPoolExecutor.java:628)\n\tat java.base/java.lang.Thread.run(Thread.java:829)\n","steps":[],"attachments":[],"parameters":[],"stepsCount":0,"shouldDisplayMessage":true,"attachmentsCount":0,"hasContent":true,"attachmentStep":false},{"name":"Test skipped: Verify that user can add and remove product from cart","time":{"start":1764851491400,"stop":1764851491401,"duration":1},"status":"passed","steps":[],"attachments":[],"parameters":[],"stepsCount":0,"shouldDisplayMessage":false,"attachmentsCount":0,"hasContent":false,"attachmentStep":false}],"attachments":[],"parameters":[],"stepsCount":10,"shouldDisplayMessage":false,"attachmentsCount":0,"hasContent":true,"attachmentStep":false},"afterStages":[{"name":"tearDown","time":{"start":1764851491403,"stop":1764851492356,"duration":953},"description":"","status":"passed","steps":[],"attachments":[],"parameters":[],"stepsCount":0,"shouldDisplayMessage":false,"attachmentsCount":0,"hasContent":false,"attachmentStep":false}],"labels":[{"name":"package","value":"tests.CartTest"},{"name":"testClass","value":"tests.CartTest"},{"name":"testMethod","value":"addAndRemoveProductFromCartTest"},{"name":"parentSuite","value":"TestSuite"},{"name":"suite","value":"AllTests"},{"name":"subSuite","value":"tests.CartTest"},{"name":"host","value":"runnervmoqczp"},{"name":"thread","value":"2218@runnervmoqczp.TestNG-test-AllTests-3(20)"},{"name":"framework","value":"testng"},{"name":"language","value":"java"},{"name":"resultFormat","value":"allure2"}],"parameters":[],"links":[],"hidden":true,"retry":true,"extra":{"categories":[],"tags":[]},"source":"a48b7d2b53c0d6bf.json","parameterValues":[]}